<?xml version="1.0" encoding="UTF-8"?>
<!-- Generated by org.testng.reporters.JUnitReportReporter -->
<testsuite hostname="DESKTOP-ULMMDGA" failures="0" tests="12" name="com.sfe.testscripts.SignUpPageTest" time="170.507" errors="0" timestamp="2022-11-08T11:32:02 IST" skipped="0">
  <testcase classname="com.sfe.testscripts.SignUpPageTest" name="whatsAppSignUp" time="11.551"/>
  <system-out/>
  <testcase classname="com.sfe.testscripts.SignUpPageTest" name="whatsAppSignUp" time="13.409"/>
  <system-out/>
  <testcase classname="com.sfe.testscripts.SignUpPageTest" name="googleSingUp" time="22.264"/>
  <system-out/>
  <testcase classname="com.sfe.testscripts.SignUpPageTest" name="googleSingUp" time="21.865"/>
  <system-out/>
  <testcase classname="com.sfe.testscripts.SignUpPageTest" name="AlreadyAMemberSignin" time="4.881"/>
  <system-out/>
  <testcase classname="com.sfe.testscripts.SignUpPageTest" name="facebookSingUp" time="17.898"/>
  <system-out/>
  <testcase classname="com.sfe.testscripts.SignUpPageTest" name="facebookSingUp" time="19.058"/>
  <system-out/>
  <testcase classname="com.sfe.testscripts.SignUpPageTest" name="emailSingUp" time="13.178"/>
  <system-out/>
  <testcase classname="com.sfe.testscripts.SignUpPageTest" name="mobileSignUp" time="14.609"/>
  <system-out/>
  <testcase classname="com.sfe.testscripts.SignUpPageTest" name="emailSingUp" time="12.325"/>
  <system-out/>
  <testcase classname="com.sfe.testscripts.SignUpPageTest" name="mobileSignUp" time="14.506"/>
  <system-out/>
  <testcase classname="com.sfe.testscripts.SignUpPageTest" name="AlreadyAMemberSignin" time="4.963"/>
  <system-out/>
</testsuite> <!-- com.sfe.testscripts.SignUpPageTest -->
