<?xml version="1.0" encoding="UTF-8"?>
<!-- Generated by org.testng.reporters.JUnitReportReporter -->
<testsuite hostname="DESKTOP-ULMMDGA" failures="0" tests="1" name="com.sfe.testscripts.NewsPageTest" time="2.206" errors="0" timestamp="2022-07-24T17:25:18 IST" skipped="0">
  <testcase classname="com.sfe.testscripts.NewsPageTest" name="brokenLinks" time="2.206"/>
  <system-out/>
</testsuite> <!-- com.sfe.testscripts.NewsPageTest -->
