<?xml version="1.0" encoding="UTF-8"?>
<!-- Generated by org.testng.reporters.JUnitReportReporter -->
<testsuite hostname="DESKTOP-ULMMDGA" failures="0" tests="1" name="com.sfe.testscripts.FooterTest" time="35.393" errors="0" timestamp="2022-10-22T05:12:43 IST" skipped="0">
  <testcase classname="com.sfe.testscripts.FooterTest" name="footer" time="35.393"/>
  <system-out/>
</testsuite> <!-- com.sfe.testscripts.FooterTest -->
