<?xml version="1.0" encoding="UTF-8"?>
<!-- Generated by org.testng.reporters.JUnitReportReporter -->
<testsuite hostname="DESKTOP-ULMMDGA" failures="0" tests="1" name="com.sfe.testscripts.AboutUsPageTest" time="59.660" errors="0" timestamp="2022-10-22T05:12:43 IST" skipped="0">
  <testcase classname="com.sfe.testscripts.AboutUsPageTest" name="Homepage" time="59.660"/>
  <system-out/>
</testsuite> <!-- com.sfe.testscripts.AboutUsPageTest -->
